{"/home/andreas/work/unexpected-stream/lib/unexpectedStream.js":{"path":"/home/andreas/work/unexpected-stream/lib/unexpectedStream.js","s":{"1":1,"2":2,"3":10,"4":575,"5":2,"6":9,"7":9,"8":9,"9":9,"10":9,"11":9,"12":9,"13":3,"14":3,"15":9,"16":9,"17":10,"18":10,"19":9,"20":6,"21":11,"22":6,"23":9,"24":2,"25":16,"26":16,"27":16,"28":16,"29":14,"30":14,"31":14,"32":14,"33":25,"34":14,"35":16,"36":16,"37":16,"38":15,"39":16,"40":5,"41":10,"42":18,"43":1,"44":17,"45":1,"46":16,"47":16},"b":{"1":[575,531,71,5,1],"2":[1,8],"3":[3,6],"4":[4,6],"5":[6,3],"6":[3,3],"7":[14,2],"8":[15,1],"9":[5,10],"10":[15,15],"11":[1,17]},"f":{"1":2,"2":10,"3":575,"4":9,"5":9,"6":10,"7":11,"8":16,"9":16,"10":14,"11":25,"12":14,"13":16,"14":16,"15":18,"16":16},"fnMap":{"1":{"name":"(anonymous_1)","line":4,"loc":{"start":{"line":4,"column":17},"end":{"line":4,"column":35}}},"2":{"name":"(anonymous_2)","line":8,"loc":{"start":{"line":8,"column":21},"end":{"line":8,"column":60}}},"3":{"name":"(anonymous_3)","line":11,"loc":{"start":{"line":11,"column":22},"end":{"line":11,"column":37}}},"4":{"name":"(anonymous_4)","line":16,"loc":{"start":{"line":16,"column":109},"end":{"line":16,"column":143}}},"5":{"name":"(anonymous_5)","line":19,"loc":{"start":{"line":19,"column":34},"end":{"line":19,"column":61}}},"6":{"name":"(anonymous_6)","line":31,"loc":{"start":{"line":31,"column":43},"end":{"line":31,"column":72}}},"7":{"name":"(anonymous_7)","line":38,"loc":{"start":{"line":38,"column":77},"end":{"line":38,"column":94}}},"8":{"name":"(anonymous_8)","line":51,"loc":{"start":{"line":51,"column":11},"end":{"line":51,"column":62}}},"9":{"name":"(anonymous_9)","line":57,"loc":{"start":{"line":57,"column":34},"end":{"line":57,"column":61}}},"10":{"name":"(anonymous_10)","line":59,"loc":{"start":{"line":59,"column":76},"end":{"line":59,"column":103}}},"11":{"name":"(anonymous_11)","line":62,"loc":{"start":{"line":62,"column":43},"end":{"line":62,"column":60}}},"12":{"name":"(anonymous_12)","line":64,"loc":{"start":{"line":64,"column":37},"end":{"line":64,"column":49}}},"13":{"name":"(anonymous_13)","line":69,"loc":{"start":{"line":69,"column":60},"end":{"line":69,"column":78}}},"14":{"name":"(anonymous_14)","line":72,"loc":{"start":{"line":72,"column":62},"end":{"line":72,"column":79}}},"15":{"name":"(anonymous_15)","line":76,"loc":{"start":{"line":76,"column":62},"end":{"line":76,"column":79}}},"16":{"name":"(anonymous_16)","line":89,"loc":{"start":{"line":89,"column":20},"end":{"line":89,"column":38}}}},"statementMap":{"1":{"start":{"line":1,"column":0},"end":{"line":94,"column":2}},"2":{"start":{"line":5,"column":8},"end":{"line":14,"column":11}},"3":{"start":{"line":9,"column":16},"end":{"line":9,"column":75}},"4":{"start":{"line":12,"column":16},"end":{"line":12,"column":157}},"5":{"start":{"line":16,"column":8},"end":{"line":46,"column":11}},"6":{"start":{"line":17,"column":12},"end":{"line":17,"column":40}},"7":{"start":{"line":19,"column":12},"end":{"line":45,"column":15}},"8":{"start":{"line":20,"column":16},"end":{"line":20,"column":82}},"9":{"start":{"line":21,"column":16},"end":{"line":21,"column":62}},"10":{"start":{"line":22,"column":16},"end":{"line":22,"column":61}},"11":{"start":{"line":23,"column":16},"end":{"line":23,"column":34}},"12":{"start":{"line":24,"column":16},"end":{"line":27,"column":17}},"13":{"start":{"line":25,"column":20},"end":{"line":25,"column":44}},"14":{"start":{"line":26,"column":20},"end":{"line":26,"column":48}},"15":{"start":{"line":29,"column":16},"end":{"line":29,"column":107}},"16":{"start":{"line":31,"column":16},"end":{"line":34,"column":19}},"17":{"start":{"line":32,"column":20},"end":{"line":32,"column":58}},"18":{"start":{"line":33,"column":20},"end":{"line":33,"column":110}},"19":{"start":{"line":36,"column":16},"end":{"line":42,"column":17}},"20":{"start":{"line":38,"column":20},"end":{"line":40,"column":23}},"21":{"start":{"line":39,"column":24},"end":{"line":39,"column":59}},"22":{"start":{"line":41,"column":20},"end":{"line":41,"column":48}},"23":{"start":{"line":44,"column":16},"end":{"line":44,"column":35}},"24":{"start":{"line":48,"column":8},"end":{"line":92,"column":11}},"25":{"start":{"line":52,"column":12},"end":{"line":52,"column":40}},"26":{"start":{"line":54,"column":12},"end":{"line":55,"column":65}},"27":{"start":{"line":57,"column":12},"end":{"line":91,"column":15}},"28":{"start":{"line":58,"column":16},"end":{"line":68,"column":17}},"29":{"start":{"line":59,"column":20},"end":{"line":67,"column":23}},"30":{"start":{"line":60,"column":24},"end":{"line":60,"column":78}},"31":{"start":{"line":61,"column":24},"end":{"line":61,"column":40}},"32":{"start":{"line":62,"column":24},"end":{"line":66,"column":47}},"33":{"start":{"line":63,"column":28},"end":{"line":63,"column":47}},"34":{"start":{"line":65,"column":28},"end":{"line":65,"column":44}},"35":{"start":{"line":69,"column":16},"end":{"line":88,"column":19}},"36":{"start":{"line":70,"column":20},"end":{"line":70,"column":31}},"37":{"start":{"line":71,"column":20},"end":{"line":86,"column":21}},"38":{"start":{"line":72,"column":24},"end":{"line":83,"column":25}},"39":{"start":{"line":72,"column":81},"end":{"line":72,"column":114}},"40":{"start":{"line":73,"column":28},"end":{"line":73,"column":53}},"41":{"start":{"line":76,"column":28},"end":{"line":82,"column":32}},"42":{"start":{"line":77,"column":32},"end":{"line":81,"column":33}},"43":{"start":{"line":78,"column":36},"end":{"line":78,"column":70}},"44":{"start":{"line":80,"column":36},"end":{"line":80,"column":49}},"45":{"start":{"line":85,"column":24},"end":{"line":85,"column":40}},"46":{"start":{"line":87,"column":20},"end":{"line":87,"column":36}},"47":{"start":{"line":90,"column":16},"end":{"line":90,"column":96}}},"branchMap":{"1":{"line":12,"type":"binary-expr","locations":[{"start":{"line":12,"column":23},"end":{"line":12,"column":26}},{"start":{"line":12,"column":30},"end":{"line":12,"column":58}},{"start":{"line":12,"column":63},"end":{"line":12,"column":81}},{"start":{"line":12,"column":85},"end":{"line":12,"column":118}},{"start":{"line":12,"column":122},"end":{"line":12,"column":155}}]},"2":{"line":20,"type":"cond-expr","locations":[{"start":{"line":20,"column":64},"end":{"line":20,"column":69}},{"start":{"line":20,"column":72},"end":{"line":20,"column":81}}]},"3":{"line":24,"type":"if","locations":[{"start":{"line":24,"column":16},"end":{"line":24,"column":16}},{"start":{"line":24,"column":16},"end":{"line":24,"column":16}}]},"4":{"line":33,"type":"cond-expr","locations":[{"start":{"line":33,"column":52},"end":{"line":33,"column":89}},{"start":{"line":33,"column":92},"end":{"line":33,"column":109}}]},"5":{"line":36,"type":"if","locations":[{"start":{"line":36,"column":16},"end":{"line":36,"column":16}},{"start":{"line":36,"column":16},"end":{"line":36,"column":16}}]},"6":{"line":38,"type":"cond-expr","locations":[{"start":{"line":38,"column":46},"end":{"line":38,"column":53}},{"start":{"line":38,"column":56},"end":{"line":38,"column":67}}]},"7":{"line":58,"type":"if","locations":[{"start":{"line":58,"column":16},"end":{"line":58,"column":16}},{"start":{"line":58,"column":16},"end":{"line":58,"column":16}}]},"8":{"line":71,"type":"if","locations":[{"start":{"line":71,"column":20},"end":{"line":71,"column":20}},{"start":{"line":71,"column":20},"end":{"line":71,"column":20}}]},"9":{"line":72,"type":"if","locations":[{"start":{"line":72,"column":24},"end":{"line":72,"column":24}},{"start":{"line":72,"column":24},"end":{"line":72,"column":24}}]},"10":{"line":72,"type":"binary-expr","locations":[{"start":{"line":72,"column":28},"end":{"line":72,"column":45}},{"start":{"line":72,"column":49},"end":{"line":72,"column":117}}]},"11":{"line":77,"type":"if","locations":[{"start":{"line":77,"column":32},"end":{"line":77,"column":32}},{"start":{"line":77,"column":32},"end":{"line":77,"column":32}}]}}}}