{"/home/andreas/work/unexpected-stream/lib/unexpectedStream.js":{"path":"/home/andreas/work/unexpected-stream/lib/unexpectedStream.js","s":{"1":1,"2":1,"3":10,"4":313,"5":1,"6":8,"7":8,"8":8,"9":8,"10":8,"11":8,"12":8,"13":2,"14":2,"15":6,"16":11,"17":6,"18":8,"19":9,"20":9,"21":8,"22":1,"23":12,"24":12,"25":12,"26":12,"27":12,"28":12,"29":22,"30":12,"31":12,"32":11,"33":11,"34":2,"35":9,"36":16,"37":0,"38":16,"39":1,"40":12,"41":12},"b":{"1":[313,310,58,0,0],"2":[1,7],"3":[2,6],"4":[3,3],"5":[3,6],"6":[11,1],"7":[2,9],"8":[11,11],"9":[0,16]},"f":{"1":1,"2":10,"3":313,"4":8,"5":8,"6":11,"7":9,"8":12,"9":12,"10":22,"11":12,"12":11,"13":16,"14":12},"fnMap":{"1":{"name":"(anonymous_1)","line":3,"loc":{"start":{"line":3,"column":17},"end":{"line":3,"column":35}}},"2":{"name":"(anonymous_2)","line":7,"loc":{"start":{"line":7,"column":21},"end":{"line":7,"column":60}}},"3":{"name":"(anonymous_3)","line":10,"loc":{"start":{"line":10,"column":22},"end":{"line":10,"column":37}}},"4":{"name":"(anonymous_4)","line":15,"loc":{"start":{"line":15,"column":91},"end":{"line":15,"column":125}}},"5":{"name":"(anonymous_5)","line":19,"loc":{"start":{"line":19,"column":34},"end":{"line":19,"column":61}}},"6":{"name":"(anonymous_6)","line":28,"loc":{"start":{"line":28,"column":77},"end":{"line":28,"column":94}}},"7":{"name":"(anonymous_7)","line":34,"loc":{"start":{"line":34,"column":43},"end":{"line":34,"column":72}}},"8":{"name":"(anonymous_8)","line":43,"loc":{"start":{"line":43,"column":75},"end":{"line":43,"column":102}}},"9":{"name":"(anonymous_9)","line":51,"loc":{"start":{"line":51,"column":34},"end":{"line":51,"column":61}}},"10":{"name":"(anonymous_10)","line":53,"loc":{"start":{"line":53,"column":35},"end":{"line":53,"column":52}}},"11":{"name":"(anonymous_11)","line":55,"loc":{"start":{"line":55,"column":29},"end":{"line":55,"column":41}}},"12":{"name":"(anonymous_12)","line":58,"loc":{"start":{"line":58,"column":62},"end":{"line":58,"column":79}}},"13":{"name":"(anonymous_13)","line":62,"loc":{"start":{"line":62,"column":62},"end":{"line":62,"column":79}}},"14":{"name":"(anonymous_14)","line":75,"loc":{"start":{"line":75,"column":20},"end":{"line":75,"column":38}}}},"statementMap":{"1":{"start":{"line":1,"column":0},"end":{"line":80,"column":2}},"2":{"start":{"line":4,"column":8},"end":{"line":13,"column":11}},"3":{"start":{"line":8,"column":16},"end":{"line":8,"column":75}},"4":{"start":{"line":11,"column":16},"end":{"line":11,"column":157}},"5":{"start":{"line":15,"column":8},"end":{"line":41,"column":11}},"6":{"start":{"line":16,"column":12},"end":{"line":16,"column":38}},"7":{"start":{"line":18,"column":12},"end":{"line":18,"column":69}},"8":{"start":{"line":19,"column":12},"end":{"line":40,"column":15}},"9":{"start":{"line":20,"column":16},"end":{"line":20,"column":82}},"10":{"start":{"line":21,"column":16},"end":{"line":21,"column":61}},"11":{"start":{"line":22,"column":16},"end":{"line":22,"column":27}},"12":{"start":{"line":23,"column":16},"end":{"line":32,"column":17}},"13":{"start":{"line":24,"column":20},"end":{"line":24,"column":37}},"14":{"start":{"line":25,"column":20},"end":{"line":25,"column":48}},"15":{"start":{"line":28,"column":20},"end":{"line":30,"column":23}},"16":{"start":{"line":29,"column":24},"end":{"line":29,"column":59}},"17":{"start":{"line":31,"column":20},"end":{"line":31,"column":48}},"18":{"start":{"line":34,"column":16},"end":{"line":37,"column":19}},"19":{"start":{"line":35,"column":20},"end":{"line":35,"column":58}},"20":{"start":{"line":36,"column":20},"end":{"line":36,"column":89}},"21":{"start":{"line":39,"column":16},"end":{"line":39,"column":105}},"22":{"start":{"line":43,"column":8},"end":{"line":78,"column":11}},"23":{"start":{"line":44,"column":12},"end":{"line":44,"column":38}},"24":{"start":{"line":46,"column":12},"end":{"line":47,"column":63}},"25":{"start":{"line":49,"column":12},"end":{"line":49,"column":66}},"26":{"start":{"line":51,"column":12},"end":{"line":77,"column":15}},"27":{"start":{"line":52,"column":16},"end":{"line":52,"column":32}},"28":{"start":{"line":53,"column":16},"end":{"line":74,"column":39}},"29":{"start":{"line":54,"column":20},"end":{"line":54,"column":39}},"30":{"start":{"line":56,"column":20},"end":{"line":56,"column":31}},"31":{"start":{"line":57,"column":20},"end":{"line":72,"column":21}},"32":{"start":{"line":58,"column":24},"end":{"line":69,"column":25}},"33":{"start":{"line":58,"column":81},"end":{"line":58,"column":114}},"34":{"start":{"line":59,"column":28},"end":{"line":59,"column":53}},"35":{"start":{"line":62,"column":28},"end":{"line":68,"column":32}},"36":{"start":{"line":63,"column":32},"end":{"line":67,"column":33}},"37":{"start":{"line":64,"column":36},"end":{"line":64,"column":70}},"38":{"start":{"line":66,"column":36},"end":{"line":66,"column":49}},"39":{"start":{"line":71,"column":24},"end":{"line":71,"column":40}},"40":{"start":{"line":73,"column":20},"end":{"line":73,"column":36}},"41":{"start":{"line":76,"column":16},"end":{"line":76,"column":96}}},"branchMap":{"1":{"line":11,"type":"binary-expr","locations":[{"start":{"line":11,"column":23},"end":{"line":11,"column":26}},{"start":{"line":11,"column":30},"end":{"line":11,"column":58}},{"start":{"line":11,"column":63},"end":{"line":11,"column":81}},{"start":{"line":11,"column":85},"end":{"line":11,"column":118}},{"start":{"line":11,"column":122},"end":{"line":11,"column":155}}]},"2":{"line":20,"type":"cond-expr","locations":[{"start":{"line":20,"column":64},"end":{"line":20,"column":69}},{"start":{"line":20,"column":72},"end":{"line":20,"column":81}}]},"3":{"line":23,"type":"if","locations":[{"start":{"line":23,"column":16},"end":{"line":23,"column":16}},{"start":{"line":23,"column":16},"end":{"line":23,"column":16}}]},"4":{"line":28,"type":"cond-expr","locations":[{"start":{"line":28,"column":46},"end":{"line":28,"column":53}},{"start":{"line":28,"column":56},"end":{"line":28,"column":67}}]},"5":{"line":36,"type":"cond-expr","locations":[{"start":{"line":36,"column":38},"end":{"line":36,"column":68}},{"start":{"line":36,"column":71},"end":{"line":36,"column":88}}]},"6":{"line":57,"type":"if","locations":[{"start":{"line":57,"column":20},"end":{"line":57,"column":20}},{"start":{"line":57,"column":20},"end":{"line":57,"column":20}}]},"7":{"line":58,"type":"if","locations":[{"start":{"line":58,"column":24},"end":{"line":58,"column":24}},{"start":{"line":58,"column":24},"end":{"line":58,"column":24}}]},"8":{"line":58,"type":"binary-expr","locations":[{"start":{"line":58,"column":28},"end":{"line":58,"column":45}},{"start":{"line":58,"column":49},"end":{"line":58,"column":117}}]},"9":{"line":63,"type":"if","locations":[{"start":{"line":63,"column":32},"end":{"line":63,"column":32}},{"start":{"line":63,"column":32},"end":{"line":63,"column":32}}]}}}}