TN:
SF:/home/andreas/work/unexpected-stream/lib/unexpectedStream.js
FN:3,(anonymous_1)
FN:7,(anonymous_2)
FN:10,(anonymous_3)
FN:15,(anonymous_4)
FN:19,(anonymous_5)
FN:28,(anonymous_6)
FN:34,(anonymous_7)
FN:43,(anonymous_8)
FN:51,(anonymous_9)
FN:53,(anonymous_10)
FN:55,(anonymous_11)
FN:58,(anonymous_12)
FN:62,(anonymous_13)
FN:75,(anonymous_14)
FNF:14
FNH:14
FNDA:1,(anonymous_1)
FNDA:10,(anonymous_2)
FNDA:313,(anonymous_3)
FNDA:8,(anonymous_4)
FNDA:8,(anonymous_5)
FNDA:11,(anonymous_6)
FNDA:9,(anonymous_7)
FNDA:12,(anonymous_8)
FNDA:12,(anonymous_9)
FNDA:22,(anonymous_10)
FNDA:12,(anonymous_11)
FNDA:11,(anonymous_12)
FNDA:16,(anonymous_13)
FNDA:12,(anonymous_14)
DA:1,1
DA:4,1
DA:8,10
DA:11,313
DA:15,1
DA:16,8
DA:18,8
DA:19,8
DA:20,8
DA:21,8
DA:22,8
DA:23,8
DA:24,2
DA:25,2
DA:28,6
DA:29,11
DA:31,6
DA:34,8
DA:35,9
DA:36,9
DA:39,8
DA:43,1
DA:44,12
DA:46,12
DA:49,12
DA:51,12
DA:52,12
DA:53,12
DA:54,22
DA:56,12
DA:57,12
DA:58,11
DA:59,2
DA:62,9
DA:63,16
DA:64,0
DA:66,16
DA:71,1
DA:73,12
DA:76,12
LF:40
LH:39
BRDA:11,1,0,313
BRDA:11,1,1,310
BRDA:11,1,2,58
BRDA:11,1,3,0
BRDA:11,1,4,0
BRDA:20,2,0,1
BRDA:20,2,1,7
BRDA:23,3,0,2
BRDA:23,3,1,6
BRDA:28,4,0,3
BRDA:28,4,1,3
BRDA:36,5,0,3
BRDA:36,5,1,6
BRDA:57,6,0,11
BRDA:57,6,1,1
BRDA:58,7,0,2
BRDA:58,7,1,9
BRDA:58,8,0,11
BRDA:58,8,1,11
BRDA:63,9,0,0
BRDA:63,9,1,16
BRF:21
BRH:18
end_of_record
