TN:
SF:/home/andreas/work/unexpected-stream/lib/unexpectedStream.js
FN:4,(anonymous_1)
FN:8,(anonymous_2)
FN:11,(anonymous_3)
FN:16,(anonymous_4)
FN:19,(anonymous_5)
FN:31,(anonymous_6)
FN:38,(anonymous_7)
FN:51,(anonymous_8)
FN:57,(anonymous_9)
FN:59,(anonymous_10)
FN:62,(anonymous_11)
FN:64,(anonymous_12)
FN:69,(anonymous_13)
FN:72,(anonymous_14)
FN:76,(anonymous_15)
FN:89,(anonymous_16)
FNF:16
FNH:16
FNDA:2,(anonymous_1)
FNDA:10,(anonymous_2)
FNDA:575,(anonymous_3)
FNDA:9,(anonymous_4)
FNDA:9,(anonymous_5)
FNDA:10,(anonymous_6)
FNDA:11,(anonymous_7)
FNDA:16,(anonymous_8)
FNDA:16,(anonymous_9)
FNDA:14,(anonymous_10)
FNDA:25,(anonymous_11)
FNDA:14,(anonymous_12)
FNDA:16,(anonymous_13)
FNDA:16,(anonymous_14)
FNDA:18,(anonymous_15)
FNDA:16,(anonymous_16)
DA:1,1
DA:5,2
DA:9,10
DA:12,575
DA:16,2
DA:17,9
DA:19,9
DA:20,9
DA:21,9
DA:22,9
DA:23,9
DA:24,9
DA:25,3
DA:26,3
DA:29,9
DA:31,9
DA:32,10
DA:33,10
DA:36,9
DA:38,6
DA:39,11
DA:41,6
DA:44,9
DA:48,2
DA:52,16
DA:54,16
DA:57,16
DA:58,16
DA:59,14
DA:60,14
DA:61,14
DA:62,14
DA:63,25
DA:65,14
DA:69,16
DA:70,16
DA:71,16
DA:72,16
DA:73,5
DA:76,10
DA:77,18
DA:78,1
DA:80,17
DA:85,1
DA:87,16
DA:90,16
LF:46
LH:46
BRDA:12,1,0,575
BRDA:12,1,1,531
BRDA:12,1,2,71
BRDA:12,1,3,5
BRDA:12,1,4,1
BRDA:20,2,0,1
BRDA:20,2,1,8
BRDA:24,3,0,3
BRDA:24,3,1,6
BRDA:33,4,0,4
BRDA:33,4,1,6
BRDA:36,5,0,6
BRDA:36,5,1,3
BRDA:38,6,0,3
BRDA:38,6,1,3
BRDA:58,7,0,14
BRDA:58,7,1,2
BRDA:71,8,0,15
BRDA:71,8,1,1
BRDA:72,9,0,5
BRDA:72,9,1,10
BRDA:72,10,0,15
BRDA:72,10,1,15
BRDA:77,11,0,1
BRDA:77,11,1,17
BRF:25
BRH:25
end_of_record
